2008-11-16 16:23:14,765 - SimpleLog4JLogSystem initialized using logfile 'velocity.log'
2008-11-16 16:23:14,765 - ************************************************************** 
2008-11-16 16:23:14,765 - Starting Jakarta Velocity v1.4-rc1
2008-11-16 16:23:14,765 - RuntimeInstance initializing.
2008-11-16 16:23:14,765 - Default Properties File: org\apache\velocity\runtime\defaults\velocity.properties
2008-11-16 16:23:14,765 - Trying to use logger class org.apache.velocity.runtime.log.AvalonLogSystem
2008-11-16 16:23:14,765 - Couldn't find class org.apache.velocity.runtime.log.AvalonLogSystem or necessary supporting classes in classpath. Exception : java.lang.NoClassDefFoundError: org/apache/log/format/Formatter
2008-11-16 16:23:14,765 - Trying to use logger class org.apache.velocity.runtime.log.SimpleLog4JLogSystem
2008-11-16 16:23:14,765 - Using logger class org.apache.velocity.runtime.log.SimpleLog4JLogSystem
2008-11-16 16:23:14,781 - Default ResourceManager initializing. (class org.apache.velocity.runtime.resource.ResourceManagerImpl)
2008-11-16 16:23:14,781 - Resource Loader Instantiated: org.apache.velocity.runtime.resource.loader.ClasspathResourceLoader
2008-11-16 16:23:14,781 - ClasspathResourceLoader : initialization starting.
2008-11-16 16:23:14,781 - ClasspathResourceLoader : initialization complete.
2008-11-16 16:23:14,781 - ResourceCache : initialized. (class org.apache.velocity.runtime.resource.ResourceCacheImpl)
2008-11-16 16:23:14,781 - Default ResourceManager initialization complete.
2008-11-16 16:23:14,781 - Loaded System Directive: org.apache.velocity.runtime.directive.Literal
2008-11-16 16:23:14,781 - Loaded System Directive: org.apache.velocity.runtime.directive.Macro
2008-11-16 16:23:14,781 - Loaded System Directive: org.apache.velocity.runtime.directive.Parse
2008-11-16 16:23:14,781 - Loaded System Directive: org.apache.velocity.runtime.directive.Include
2008-11-16 16:23:14,781 - Loaded System Directive: org.apache.velocity.runtime.directive.Foreach
2008-11-16 16:23:14,812 - Created: 20 parsers.
2008-11-16 16:23:14,812 - Velocimacro : initialization starting.
2008-11-16 16:23:14,812 - Velocimacro : allowInline = true : VMs can be defined inline in templates
2008-11-16 16:23:14,812 - Velocimacro : allowInlineToOverride = false : VMs defined inline may NOT replace previous VM definitions
2008-11-16 16:23:14,812 - Velocimacro : allowInlineLocal = false : VMs defined inline will be  global in scope if allowed.
2008-11-16 16:23:14,812 - Velocimacro : messages on  : VM system will output logging messages
2008-11-16 16:23:14,812 - Velocimacro : autoload off  : VM system will not automatically reload global library macros
2008-11-16 16:23:14,812 - Velocimacro : initialization complete.
2008-11-16 16:23:14,812 - Velocity successfully started.
2008-11-16 16:23:14,828 - ResourceManager : found index.vm with loader org.apache.velocity.runtime.resource.loader.ClasspathResourceLoader
2008-11-16 16:23:14,828 - ResourceManager : found stylesheet.vm with loader org.apache.velocity.runtime.resource.loader.ClasspathResourceLoader
2008-11-16 16:23:14,843 - ResourceManager : found overview-summary.vm with loader org.apache.velocity.runtime.resource.loader.ClasspathResourceLoader
2008-11-16 16:23:14,843 - ResourceManager : found overview-frame.vm with loader org.apache.velocity.runtime.resource.loader.ClasspathResourceLoader
2008-11-16 16:23:14,859 - ResourceManager : found allclasses-frame.vm with loader org.apache.velocity.runtime.resource.loader.ClasspathResourceLoader
2008-11-16 16:23:56,625 - SimpleLog4JLogSystem initialized using logfile 'velocity.log'
2008-11-16 16:23:56,625 - SimpleLog4JLogSystem initialized using logfile 'velocity.log'
2008-11-16 16:23:56,625 - ************************************************************** 
2008-11-16 16:23:56,625 - ************************************************************** 
2008-11-16 16:23:56,625 - Starting Jakarta Velocity v1.4-rc1
2008-11-16 16:23:56,625 - Starting Jakarta Velocity v1.4-rc1
2008-11-16 16:23:56,625 - RuntimeInstance initializing.
2008-11-16 16:23:56,625 - RuntimeInstance initializing.
2008-11-16 16:23:56,625 - Default Properties File: org\apache\velocity\runtime\defaults\velocity.properties
2008-11-16 16:23:56,625 - Default Properties File: org\apache\velocity\runtime\defaults\velocity.properties
2008-11-16 16:23:56,625 - Trying to use logger class org.apache.velocity.runtime.log.AvalonLogSystem
2008-11-16 16:23:56,625 - Trying to use logger class org.apache.velocity.runtime.log.AvalonLogSystem
2008-11-16 16:23:56,625 - Couldn't find class org.apache.velocity.runtime.log.AvalonLogSystem or necessary supporting classes in classpath. Exception : java.lang.NoClassDefFoundError: org/apache/log/format/Formatter
2008-11-16 16:23:56,625 - Couldn't find class org.apache.velocity.runtime.log.AvalonLogSystem or necessary supporting classes in classpath. Exception : java.lang.NoClassDefFoundError: org/apache/log/format/Formatter
2008-11-16 16:23:56,625 - Trying to use logger class org.apache.velocity.runtime.log.SimpleLog4JLogSystem
2008-11-16 16:23:56,625 - Trying to use logger class org.apache.velocity.runtime.log.SimpleLog4JLogSystem
2008-11-16 16:23:56,625 - Using logger class org.apache.velocity.runtime.log.SimpleLog4JLogSystem
2008-11-16 16:23:56,625 - Using logger class org.apache.velocity.runtime.log.SimpleLog4JLogSystem
2008-11-16 16:23:56,625 - Default ResourceManager initializing. (class org.apache.velocity.runtime.resource.ResourceManagerImpl)
2008-11-16 16:23:56,625 - Default ResourceManager initializing. (class org.apache.velocity.runtime.resource.ResourceManagerImpl)
2008-11-16 16:23:56,625 - Resource Loader Instantiated: org.apache.velocity.runtime.resource.loader.ClasspathResourceLoader
2008-11-16 16:23:56,625 - Resource Loader Instantiated: org.apache.velocity.runtime.resource.loader.ClasspathResourceLoader
2008-11-16 16:23:56,625 - ClasspathResourceLoader : initialization starting.
2008-11-16 16:23:56,625 - ClasspathResourceLoader : initialization starting.
2008-11-16 16:23:56,625 - ClasspathResourceLoader : initialization complete.
2008-11-16 16:23:56,625 - ClasspathResourceLoader : initialization complete.
2008-11-16 16:23:56,625 - ResourceCache : initialized. (class org.apache.velocity.runtime.resource.ResourceCacheImpl)
2008-11-16 16:23:56,625 - ResourceCache : initialized. (class org.apache.velocity.runtime.resource.ResourceCacheImpl)
2008-11-16 16:23:56,625 - Default ResourceManager initialization complete.
2008-11-16 16:23:56,625 - Default ResourceManager initialization complete.
2008-11-16 16:23:56,625 - Loaded System Directive: org.apache.velocity.runtime.directive.Literal
2008-11-16 16:23:56,625 - Loaded System Directive: org.apache.velocity.runtime.directive.Literal
2008-11-16 16:23:56,625 - Loaded System Directive: org.apache.velocity.runtime.directive.Macro
2008-11-16 16:23:56,625 - Loaded System Directive: org.apache.velocity.runtime.directive.Macro
2008-11-16 16:23:56,625 - Loaded System Directive: org.apache.velocity.runtime.directive.Parse
2008-11-16 16:23:56,625 - Loaded System Directive: org.apache.velocity.runtime.directive.Parse
2008-11-16 16:23:56,625 - Loaded System Directive: org.apache.velocity.runtime.directive.Include
2008-11-16 16:23:56,625 - Loaded System Directive: org.apache.velocity.runtime.directive.Include
2008-11-16 16:23:56,625 - Loaded System Directive: org.apache.velocity.runtime.directive.Foreach
2008-11-16 16:23:56,625 - Loaded System Directive: org.apache.velocity.runtime.directive.Foreach
2008-11-16 16:23:56,625 - Created: 20 parsers.
2008-11-16 16:23:56,625 - Created: 20 parsers.
2008-11-16 16:23:56,625 - Velocimacro : initialization starting.
2008-11-16 16:23:56,625 - Velocimacro : initialization starting.
2008-11-16 16:23:56,625 - Velocimacro : allowInline = true : VMs can be defined inline in templates
2008-11-16 16:23:56,625 - Velocimacro : allowInline = true : VMs can be defined inline in templates
2008-11-16 16:23:56,625 - Velocimacro : allowInlineToOverride = false : VMs defined inline may NOT replace previous VM definitions
2008-11-16 16:23:56,625 - Velocimacro : allowInlineToOverride = false : VMs defined inline may NOT replace previous VM definitions
2008-11-16 16:23:56,625 - Velocimacro : allowInlineLocal = false : VMs defined inline will be  global in scope if allowed.
2008-11-16 16:23:56,625 - Velocimacro : allowInlineLocal = false : VMs defined inline will be  global in scope if allowed.
2008-11-16 16:23:56,625 - Velocimacro : messages on  : VM system will output logging messages
2008-11-16 16:23:56,625 - Velocimacro : messages on  : VM system will output logging messages
2008-11-16 16:23:56,625 - Velocimacro : autoload off  : VM system will not automatically reload global library macros
2008-11-16 16:23:56,625 - Velocimacro : autoload off  : VM system will not automatically reload global library macros
2008-11-16 16:23:56,625 - Velocimacro : initialization complete.
2008-11-16 16:23:56,625 - Velocimacro : initialization complete.
2008-11-16 16:23:56,625 - Velocity successfully started.
2008-11-16 16:23:56,625 - Velocity successfully started.
2008-11-16 16:24:32,640 - SimpleLog4JLogSystem initialized using logfile 'velocity.log'
2008-11-16 16:24:32,640 - ************************************************************** 
2008-11-16 16:24:32,640 - Starting Jakarta Velocity v1.4-rc1
2008-11-16 16:24:32,640 - RuntimeInstance initializing.
2008-11-16 16:24:32,640 - Default Properties File: org\apache\velocity\runtime\defaults\velocity.properties
2008-11-16 16:24:32,640 - Trying to use logger class org.apache.velocity.runtime.log.AvalonLogSystem
2008-11-16 16:24:32,640 - Couldn't find class org.apache.velocity.runtime.log.AvalonLogSystem or necessary supporting classes in classpath. Exception : java.lang.NoClassDefFoundError: org/apache/log/format/Formatter
2008-11-16 16:24:32,640 - Trying to use logger class org.apache.velocity.runtime.log.SimpleLog4JLogSystem
2008-11-16 16:24:32,640 - Using logger class org.apache.velocity.runtime.log.SimpleLog4JLogSystem
2008-11-16 16:24:32,640 - Default ResourceManager initializing. (class org.apache.velocity.runtime.resource.ResourceManagerImpl)
2008-11-16 16:24:32,640 - Resource Loader Instantiated: org.apache.velocity.runtime.resource.loader.ClasspathResourceLoader
2008-11-16 16:24:32,640 - ClasspathResourceLoader : initialization starting.
2008-11-16 16:24:32,671 - ClasspathResourceLoader : initialization complete.
2008-11-16 16:24:32,671 - ResourceCache : initialized. (class org.apache.velocity.runtime.resource.ResourceCacheImpl)
2008-11-16 16:24:32,671 - Default ResourceManager initialization complete.
2008-11-16 16:24:32,671 - Loaded System Directive: org.apache.velocity.runtime.directive.Literal
2008-11-16 16:24:32,703 - Loaded System Directive: org.apache.velocity.runtime.directive.Macro
2008-11-16 16:24:32,703 - Loaded System Directive: org.apache.velocity.runtime.directive.Parse
2008-11-16 16:24:32,703 - Loaded System Directive: org.apache.velocity.runtime.directive.Include
2008-11-16 16:24:32,703 - Loaded System Directive: org.apache.velocity.runtime.directive.Foreach
2008-11-16 16:24:32,750 - Created: 20 parsers.
2008-11-16 16:24:32,750 - Velocimacro : initialization starting.
2008-11-16 16:24:32,750 - Velocimacro : allowInline = true : VMs can be defined inline in templates
2008-11-16 16:24:32,750 - Velocimacro : allowInlineToOverride = false : VMs defined inline may NOT replace previous VM definitions
2008-11-16 16:24:32,750 - Velocimacro : allowInlineLocal = false : VMs defined inline will be  global in scope if allowed.
2008-11-16 16:24:32,750 - Velocimacro : messages on  : VM system will output logging messages
2008-11-16 16:24:32,765 - Velocimacro : autoload off  : VM system will not automatically reload global library macros
2008-11-16 16:24:32,765 - Velocimacro : initialization complete.
2008-11-16 16:24:32,765 - Velocity successfully started.
2008-11-16 16:24:32,765 - ResourceManager : found index.vm with loader org.apache.velocity.runtime.resource.loader.ClasspathResourceLoader
2008-11-16 16:24:32,781 - ResourceManager : found stylesheet.vm with loader org.apache.velocity.runtime.resource.loader.ClasspathResourceLoader
2008-11-16 16:24:32,796 - ResourceManager : found overview-summary.vm with loader org.apache.velocity.runtime.resource.loader.ClasspathResourceLoader
2008-11-16 16:24:32,812 - ResourceManager : found overview-frame.vm with loader org.apache.velocity.runtime.resource.loader.ClasspathResourceLoader
2008-11-16 16:24:32,812 - ResourceManager : found allclasses-frame.vm with loader org.apache.velocity.runtime.resource.loader.ClasspathResourceLoader
2008-11-16 16:25:04,328 - SimpleLog4JLogSystem initialized using logfile 'velocity.log'
2008-11-16 16:25:04,328 - ************************************************************** 
2008-11-16 16:25:04,328 - Starting Jakarta Velocity v1.4-rc1
2008-11-16 16:25:04,328 - RuntimeInstance initializing.
2008-11-16 16:25:04,328 - Default Properties File: org\apache\velocity\runtime\defaults\velocity.properties
2008-11-16 16:25:04,328 - Trying to use logger class org.apache.velocity.runtime.log.AvalonLogSystem
2008-11-16 16:25:04,328 - Couldn't find class org.apache.velocity.runtime.log.AvalonLogSystem or necessary supporting classes in classpath. Exception : java.lang.NoClassDefFoundError: org/apache/log/format/Formatter
2008-11-16 16:25:04,328 - Trying to use logger class org.apache.velocity.runtime.log.SimpleLog4JLogSystem
2008-11-16 16:25:04,359 - Using logger class org.apache.velocity.runtime.log.SimpleLog4JLogSystem
2008-11-16 16:25:04,359 - Default ResourceManager initializing. (class org.apache.velocity.runtime.resource.ResourceManagerImpl)
2008-11-16 16:25:04,359 - Resource Loader Instantiated: org.apache.velocity.runtime.resource.loader.ClasspathResourceLoader
2008-11-16 16:25:04,390 - ClasspathResourceLoader : initialization starting.
2008-11-16 16:25:04,390 - ClasspathResourceLoader : initialization complete.
2008-11-16 16:25:04,421 - ResourceCache : initialized. (class org.apache.velocity.runtime.resource.ResourceCacheImpl)
2008-11-16 16:25:04,421 - Default ResourceManager initialization complete.
2008-11-16 16:25:04,421 - Loaded System Directive: org.apache.velocity.runtime.directive.Literal
2008-11-16 16:25:04,421 - Loaded System Directive: org.apache.velocity.runtime.directive.Macro
2008-11-16 16:25:04,453 - Loaded System Directive: org.apache.velocity.runtime.directive.Parse
2008-11-16 16:25:04,453 - Loaded System Directive: org.apache.velocity.runtime.directive.Include
2008-11-16 16:25:04,453 - Loaded System Directive: org.apache.velocity.runtime.directive.Foreach
2008-11-16 16:25:04,484 - Created: 20 parsers.
2008-11-16 16:25:04,484 - Velocimacro : initialization starting.
2008-11-16 16:25:04,484 - Velocimacro : allowInline = true : VMs can be defined inline in templates
2008-11-16 16:25:04,484 - Velocimacro : allowInlineToOverride = false : VMs defined inline may NOT replace previous VM definitions
2008-11-16 16:25:04,531 - Velocimacro : allowInlineLocal = false : VMs defined inline will be  global in scope if allowed.
2008-11-16 16:25:04,531 - Velocimacro : messages on  : VM system will output logging messages
2008-11-16 16:25:04,531 - Velocimacro : autoload off  : VM system will not automatically reload global library macros
2008-11-16 16:25:04,562 - Velocimacro : initialization complete.
2008-11-16 16:25:04,562 - Velocity successfully started.
2008-11-16 16:25:04,562 - ResourceManager : found index.vm with loader org.apache.velocity.runtime.resource.loader.ClasspathResourceLoader
2008-11-16 16:25:04,578 - ResourceManager : found stylesheet.vm with loader org.apache.velocity.runtime.resource.loader.ClasspathResourceLoader
2008-11-16 16:25:04,656 - ResourceManager : found overview-summary.vm with loader org.apache.velocity.runtime.resource.loader.ClasspathResourceLoader
2008-11-16 16:25:04,671 - ResourceManager : found overview-frame.vm with loader org.apache.velocity.runtime.resource.loader.ClasspathResourceLoader
2008-11-16 16:25:04,671 - ResourceManager : found allclasses-frame.vm with loader org.apache.velocity.runtime.resource.loader.ClasspathResourceLoader
2008-11-16 16:25:04,687 - ResourceManager : found package-summary.vm with loader org.apache.velocity.runtime.resource.loader.ClasspathResourceLoader
2008-11-16 16:25:04,703 - ResourceManager : found package-frame.vm with loader org.apache.velocity.runtime.resource.loader.ClasspathResourceLoader
2008-11-16 16:25:04,718 - ResourceManager : found class-summary.vm with loader org.apache.velocity.runtime.resource.loader.ClasspathResourceLoader
2008-11-16 16:26:41,015 - SimpleLog4JLogSystem initialized using logfile 'velocity.log'
2008-11-16 16:26:41,015 - ************************************************************** 
2008-11-16 16:26:41,015 - Starting Jakarta Velocity v1.4-rc1
2008-11-16 16:26:41,015 - RuntimeInstance initializing.
2008-11-16 16:26:41,015 - Default Properties File: org\apache\velocity\runtime\defaults\velocity.properties
2008-11-16 16:26:41,015 - Trying to use logger class org.apache.velocity.runtime.log.AvalonLogSystem
2008-11-16 16:26:41,015 - Couldn't find class org.apache.velocity.runtime.log.AvalonLogSystem or necessary supporting classes in classpath. Exception : java.lang.NoClassDefFoundError: org/apache/log/format/Formatter
2008-11-16 16:26:41,015 - Trying to use logger class org.apache.velocity.runtime.log.SimpleLog4JLogSystem
2008-11-16 16:26:41,015 - Using logger class org.apache.velocity.runtime.log.SimpleLog4JLogSystem
2008-11-16 16:26:41,015 - Default ResourceManager initializing. (class org.apache.velocity.runtime.resource.ResourceManagerImpl)
2008-11-16 16:26:41,015 - Resource Loader Instantiated: org.apache.velocity.runtime.resource.loader.ClasspathResourceLoader
2008-11-16 16:26:41,015 - ClasspathResourceLoader : initialization starting.
2008-11-16 16:26:41,015 - ClasspathResourceLoader : initialization complete.
2008-11-16 16:26:41,015 - ResourceCache : initialized. (class org.apache.velocity.runtime.resource.ResourceCacheImpl)
2008-11-16 16:26:41,015 - Default ResourceManager initialization complete.
2008-11-16 16:26:41,015 - Loaded System Directive: org.apache.velocity.runtime.directive.Literal
2008-11-16 16:26:41,015 - Loaded System Directive: org.apache.velocity.runtime.directive.Macro
2008-11-16 16:26:41,015 - Loaded System Directive: org.apache.velocity.runtime.directive.Parse
2008-11-16 16:26:41,015 - Loaded System Directive: org.apache.velocity.runtime.directive.Include
2008-11-16 16:26:41,015 - Loaded System Directive: org.apache.velocity.runtime.directive.Foreach
2008-11-16 16:26:41,015 - Created: 20 parsers.
2008-11-16 16:26:41,015 - Velocimacro : initialization starting.
2008-11-16 16:26:41,015 - Velocimacro : allowInline = true : VMs can be defined inline in templates
2008-11-16 16:26:41,015 - Velocimacro : allowInlineToOverride = false : VMs defined inline may NOT replace previous VM definitions
2008-11-16 16:26:41,015 - Velocimacro : allowInlineLocal = false : VMs defined inline will be  global in scope if allowed.
2008-11-16 16:26:41,015 - Velocimacro : messages on  : VM system will output logging messages
2008-11-16 16:26:41,015 - Velocimacro : autoload off  : VM system will not automatically reload global library macros
2008-11-16 16:26:41,015 - Velocimacro : initialization complete.
2008-11-16 16:26:41,015 - Velocity successfully started.
2008-11-16 16:26:41,031 - ResourceManager : found index.vm with loader org.apache.velocity.runtime.resource.loader.ClasspathResourceLoader
2008-11-16 16:26:41,031 - ResourceManager : found stylesheet.vm with loader org.apache.velocity.runtime.resource.loader.ClasspathResourceLoader
2008-11-16 16:26:41,031 - ResourceManager : found overview-summary.vm with loader org.apache.velocity.runtime.resource.loader.ClasspathResourceLoader
2008-11-16 16:26:41,046 - ResourceManager : found overview-frame.vm with loader org.apache.velocity.runtime.resource.loader.ClasspathResourceLoader
2008-11-16 16:26:41,046 - ResourceManager : found allclasses-frame.vm with loader org.apache.velocity.runtime.resource.loader.ClasspathResourceLoader
2008-11-16 16:26:41,062 - ResourceManager : found package-summary.vm with loader org.apache.velocity.runtime.resource.loader.ClasspathResourceLoader
2008-11-16 16:26:41,062 - ResourceManager : found package-frame.vm with loader org.apache.velocity.runtime.resource.loader.ClasspathResourceLoader
2008-11-16 16:26:41,078 - ResourceManager : found class-summary.vm with loader org.apache.velocity.runtime.resource.loader.ClasspathResourceLoader
2008-11-16 16:26:41,078 - ResourceManager : found class-summary.vm with loader org.apache.velocity.runtime.resource.loader.ClasspathResourceLoader
2008-11-16 16:26:41,093 - ResourceManager : found class-summary.vm with loader org.apache.velocity.runtime.resource.loader.ClasspathResourceLoader
2008-11-16 16:27:32,453 - SimpleLog4JLogSystem initialized using logfile 'velocity.log'
2008-11-16 16:27:32,453 - ************************************************************** 
2008-11-16 16:27:32,453 - Starting Jakarta Velocity v1.4-rc1
2008-11-16 16:27:32,453 - RuntimeInstance initializing.
2008-11-16 16:27:32,453 - Default Properties File: org\apache\velocity\runtime\defaults\velocity.properties
2008-11-16 16:27:32,453 - Trying to use logger class org.apache.velocity.runtime.log.AvalonLogSystem
2008-11-16 16:27:32,468 - Couldn't find class org.apache.velocity.runtime.log.AvalonLogSystem or necessary supporting classes in classpath. Exception : java.lang.NoClassDefFoundError: org/apache/log/format/Formatter
2008-11-16 16:27:32,468 - Trying to use logger class org.apache.velocity.runtime.log.SimpleLog4JLogSystem
2008-11-16 16:27:32,484 - Using logger class org.apache.velocity.runtime.log.SimpleLog4JLogSystem
2008-11-16 16:27:32,484 - Default ResourceManager initializing. (class org.apache.velocity.runtime.resource.ResourceManagerImpl)
2008-11-16 16:27:32,484 - Resource Loader Instantiated: org.apache.velocity.runtime.resource.loader.ClasspathResourceLoader
2008-11-16 16:27:32,484 - ClasspathResourceLoader : initialization starting.
2008-11-16 16:27:32,484 - ClasspathResourceLoader : initialization complete.
2008-11-16 16:27:32,500 - ResourceCache : initialized. (class org.apache.velocity.runtime.resource.ResourceCacheImpl)
2008-11-16 16:27:32,500 - Default ResourceManager initialization complete.
2008-11-16 16:27:32,500 - Loaded System Directive: org.apache.velocity.runtime.directive.Literal
2008-11-16 16:27:32,515 - Loaded System Directive: org.apache.velocity.runtime.directive.Macro
2008-11-16 16:27:32,515 - Loaded System Directive: org.apache.velocity.runtime.directive.Parse
2008-11-16 16:27:32,515 - Loaded System Directive: org.apache.velocity.runtime.directive.Include
2008-11-16 16:27:32,515 - Loaded System Directive: org.apache.velocity.runtime.directive.Foreach
2008-11-16 16:27:32,515 - Created: 20 parsers.
2008-11-16 16:27:32,531 - Velocimacro : initialization starting.
2008-11-16 16:27:32,531 - Velocimacro : allowInline = true : VMs can be defined inline in templates
2008-11-16 16:27:32,531 - Velocimacro : allowInlineToOverride = false : VMs defined inline may NOT replace previous VM definitions
2008-11-16 16:27:32,546 - Velocimacro : allowInlineLocal = false : VMs defined inline will be  global in scope if allowed.
2008-11-16 16:27:32,546 - Velocimacro : messages on  : VM system will output logging messages
2008-11-16 16:27:32,546 - Velocimacro : autoload off  : VM system will not automatically reload global library macros
2008-11-16 16:27:32,546 - Velocimacro : initialization complete.
2008-11-16 16:27:32,546 - Velocity successfully started.
2008-11-16 16:27:32,546 - ResourceManager : found index.vm with loader org.apache.velocity.runtime.resource.loader.ClasspathResourceLoader
2008-11-16 16:27:32,562 - ResourceManager : found stylesheet.vm with loader org.apache.velocity.runtime.resource.loader.ClasspathResourceLoader
2008-11-16 16:27:32,578 - ResourceManager : found overview-summary.vm with loader org.apache.velocity.runtime.resource.loader.ClasspathResourceLoader
2008-11-16 16:27:32,578 - ResourceManager : found overview-frame.vm with loader org.apache.velocity.runtime.resource.loader.ClasspathResourceLoader
2008-11-16 16:27:32,578 - ResourceManager : found allclasses-frame.vm with loader org.apache.velocity.runtime.resource.loader.ClasspathResourceLoader
